1543495458429	mozrunner::runner	INFO	Running command: "/usr/bin/firefox" "-marionette" "-foreground" "-no-remote" "-profile" "/tmp/rust_mozprofile.JzvObG8ptd9z"
1543495468409	Marionette	INFO	Listening on port 45573
1543495468454	Marionette	WARN	TLS certificate errors will be ignored for this session
JavaScript error: chrome://browser/content/urlbarBindings.xml, line 2709: NS_ERROR_FAILURE: Component returned failure code: 0x80004005 (NS_ERROR_FAILURE) [nsIAutoCompleteController.getStyleAt]
JavaScript error: http://inventwithpython.com/js/bootstrap.min.js, line 7: Error: Bootstrap tooltips require Tether (http://tether.io/)
1543495689770	mozrunner::runner	INFO	Running command: "/usr/bin/firefox" "-marionette" "-foreground" "-no-remote" "-profile" "/tmp/rust_mozprofile.mHBLYhMMh67C"
1543495693218	Marionette	INFO	Listening on port 41593
1543495693291	Marionette	WARN	TLS certificate errors will be ignored for this session
JavaScript warning: https://ajax.googleapis.com/ajax/libs/jquery/1.10.2/jquery.min.js, line 1: Using //@ to indicate sourceMappingURL pragmas is deprecated. Use //# instead
JavaScript warning: https://www.googletagmanager.com/gtag/js?id=UA-5027625-1, line 87: unreachable code after return statement
JavaScript warning: https://www.googletagmanager.com/gtag/js?id=UA-5027625-1, line 147: unreachable code after return statement
JavaScript warning: https://www.googletagmanager.com/gtag/js?id=UA-5027625-1, line 147: unreachable code after return statement
JavaScript warning: https://www.googletagmanager.com/gtag/js?id=UA-5027625-1, line 147: unreachable code after return statement
JavaScript warning: https://www.googletagmanager.com/gtag/js?id=UA-5027625-1, line 87: unreachable code after return statement
JavaScript warning: https://www.googletagmanager.com/gtag/js?id=UA-5027625-1, line 147: unreachable code after return statement
console.error: BroadcastService: 
console.error: BroadcastService: 
  receivedBroadcastMessage: handler for
  remote-settings/monitor_changes
  threw error:
  Message: Error: Polling for changes failed: NetworkError when attempting to fetch resource..
  Stack:
    remoteSettingsFunction/remoteSettings.pollChanges@resource://services-settings/remote-settings.js:721:13

  receivedBroadcastMessage: handler for
  remote-settings/monitor_changes
  threw error:
  Message: Error: Polling for changes failed: NetworkError when attempting to fetch resource..
  Stack:
    remoteSettingsFunction/remoteSettings.pollChanges@resource://services-settings/remote-settings.js:721:13

[Parent 7058, Gecko_IOThread] WARNING: pipe error (78): Connection reset by peer: file /build/firefox-Qjvn2X/firefox-63.0.3+build1/ipc/chromium/src/chrome/common/ipc_channel_posix.cc, line 356
[Parent 7058, Gecko_IOThread] WARNING: pipe error (106): Connection reset by peer: file /build/firefox-Qjvn2X/firefox-63.0.3+build1/ipc/chromium/src/chrome/common/ipc_channel_posix.cc, line 356
1543497020418	Marionette	INFO	Stopped listening on port 41593
1544904632149	mozrunner::runner	INFO	Running command: "/usr/bin/firefox" "-marionette" "-foreground" "-no-remote" "-profile" "/tmp/rust_mozprofile.WZFQvDbgKa1A"
1544904632683	addons.webextension.screenshots@mozilla.org	WARN	Loading extension 'screenshots@mozilla.org': Reading manifest: Invalid host permission: resource://pdf.js/
1544904632683	addons.webextension.screenshots@mozilla.org	WARN	Loading extension 'screenshots@mozilla.org': Reading manifest: Invalid host permission: about:reader*
1544904636210	Marionette	INFO	Listening on port 43316
1544904636279	Marionette	WARN	TLS certificate errors will be ignored for this session
JavaScript error: resource://gre/modules/WebProgressChild.jsm, line 58: TypeError: this.mm.content is null
[Parent 3966, Gecko_IOThread] WARNING: pipe error (112): Connection reset by peer: file /build/firefox-h0evE3/firefox-64.0+build3/ipc/chromium/src/chrome/common/ipc_channel_posix.cc, line 363
[Parent 3966, Gecko_IOThread] WARNING: pipe error (79): Connection reset by peer: file /build/firefox-h0evE3/firefox-64.0+build3/ipc/chromium/src/chrome/common/ipc_channel_posix.cc, line 363
1544904709539	Marionette	INFO	Stopped listening on port 43316
1544904945389	mozrunner::runner	INFO	Running command: "/usr/bin/firefox" "-marionette" "-foreground" "-no-remote" "-profile" "/tmp/rust_mozprofile.8quKzfTF1O4r"
1544904945980	addons.webextension.screenshots@mozilla.org	WARN	Loading extension 'screenshots@mozilla.org': Reading manifest: Invalid host permission: resource://pdf.js/
1544904945981	addons.webextension.screenshots@mozilla.org	WARN	Loading extension 'screenshots@mozilla.org': Reading manifest: Invalid host permission: about:reader*
1544904950018	Marionette	INFO	Listening on port 36112
1544904950121	Marionette	WARN	TLS certificate errors will be ignored for this session
JavaScript error: http://inventwithpython.com/js/bootstrap.min.js, line 7: Error: Bootstrap tooltips require Tether (http://tether.io/)
JavaScript error: chrome://marionette/content/driver.js, line 1287: TypeError: WeakMap key must be an object, got undefined
1544905019252	Marionette	ERROR	[33] No reply from Marionette:Register
JavaScript error: chrome://marionette/content/listener.js, line 458: TypeError: reply[0] is undefined
JavaScript error: chrome://global/content/bindings/browser.xml, line 1048: uncaught exception: 2147500033
1544905020559	Marionette	ERROR	[6442450947] No reply from Marionette:Register
JavaScript error: chrome://marionette/content/listener.js, line 458: TypeError: reply[0] is undefined
1544905020700	Marionette	ERROR	[6442450949] No reply from Marionette:Register
JavaScript error: chrome://marionette/content/listener.js, line 458: TypeError: reply[0] is undefined
console.error: BroadcastService: 
  receivedBroadcastMessage: handler for
  remote-settings/monitor_changes
  threw error:
  Message: Error: Polling for changes failed: NetworkError when attempting to fetch resource..
  Stack:
    remoteSettingsFunction/remoteSettings.pollChanges@resource://services-settings/remote-settings.js:750:13

1544913578065	mozrunner::runner	INFO	Running command: "/usr/bin/firefox" "-marionette" "-foreground" "-no-remote" "-profile" "/tmp/rust_mozprofile.3fgHjyVovTha"
1544913578625	addons.webextension.screenshots@mozilla.org	WARN	Loading extension 'screenshots@mozilla.org': Reading manifest: Invalid host permission: resource://pdf.js/
1544913578626	addons.webextension.screenshots@mozilla.org	WARN	Loading extension 'screenshots@mozilla.org': Reading manifest: Invalid host permission: about:reader*
1544913581757	Marionette	INFO	Listening on port 35242
1544913581781	Marionette	WARN	TLS certificate errors will be ignored for this session
JavaScript error: chrome://marionette/content/driver.js, line 1287: TypeError: WeakMap key must be an object, got undefined
1544913660665	Marionette	ERROR	[33] No reply from Marionette:Register
JavaScript error: chrome://marionette/content/listener.js, line 458: TypeError: reply[0] is undefined
JavaScript error: chrome://global/content/bindings/browser.xml, line 1048: uncaught exception: 2147500033
1544913682913	Marionette	ERROR	[6442450947] No reply from Marionette:Register
JavaScript error: chrome://marionette/content/listener.js, line 458: TypeError: reply[0] is undefined
1544913682962	Marionette	ERROR	[6442450949] No reply from Marionette:Register
JavaScript error: chrome://marionette/content/listener.js, line 458: TypeError: reply[0] is undefined
console.error: BroadcastService: 
  receivedBroadcastMessage: handler for
  remote-settings/monitor_changes
  threw error:
  Message: Error: Polling for changes failed: NetworkError when attempting to fetch resource..
  Stack:
    remoteSettingsFunction/remoteSettings.pollChanges@resource://services-settings/remote-settings.js:750:13

console.error: "Error while calling actor 'pagestyle's method 'getUsedFontFaces'" ""
console.error: "getUsedFontFaces@resource://devtools/shared/base-loader.js -> resource://devtools/server/actors/styles.js:297:19\nhandler@resource://devtools/shared/base-loader.js -> resource://devtools/shared/protocol.js:1198:21\nonPacket@resource://devtools/shared/base-loader.js -> resource://devtools/server/main.js:1313:15\nreceiveMessage@resource://devtools/shared/base-loader.js -> resource://devtools/shared/transport/child-transport.js:66:5\n"
console.error: "Could not get the list of font families" "unknownError"
console.warn: "Got a mutation for an unexpected actor: server1.conn0.child1/domnode765, please file a bug on bugzilla.mozilla.org!"
console.trace: 
resource://devtools/shared/base-loader.js -> resource://devtools/shared/fronts/inspector.js 298 WalkerFront<.getMutations</<
console.warn: "Got a mutation for an unexpected actor: server1.conn0.child1/domnode765, please file a bug on bugzilla.mozilla.org!"
console.trace: 
resource://devtools/shared/base-loader.js -> resource://devtools/shared/fronts/inspector.js 298 WalkerFront<.getMutations</<
console.warn: "Got a mutation for an unexpected actor: server1.conn0.child1/domnode765, please file a bug on bugzilla.mozilla.org!"
console.trace: 
resource://devtools/shared/base-loader.js -> resource://devtools/shared/fronts/inspector.js 298 WalkerFront<.getMutations</<
console.error: (new TypeError("nodeName is undefined", "resource://devtools/shared/base-loader.js -> resource://devtools/shared/fronts/node.js", 260))
console.error: (new TypeError("nodeName is undefined", "resource://devtools/shared/base-loader.js -> resource://devtools/shared/fronts/node.js", 260))
console.error: (new TypeError("nodeName is undefined", "resource://devtools/shared/base-loader.js -> resource://devtools/shared/fronts/node.js", 260))
console.error: (new TypeError("nodeName is undefined", "resource://devtools/shared/base-loader.js -> resource://devtools/shared/fronts/node.js", 260))
console.warn: "Got a mutation for an unexpected actor: server1.conn0.child1/domnode765, please file a bug on bugzilla.mozilla.org!"
console.trace: 
resource://devtools/shared/base-loader.js -> resource://devtools/shared/fronts/inspector.js 298 WalkerFront<.getMutations</<
1544915758407	mozrunner::runner	INFO	Running command: "/usr/bin/firefox" "-marionette" "-foreground" "-no-remote" "-profile" "/tmp/rust_mozprofile.O2VY3U7kgd6j"
1544915758921	addons.webextension.screenshots@mozilla.org	WARN	Loading extension 'screenshots@mozilla.org': Reading manifest: Invalid host permission: resource://pdf.js/
1544915758921	addons.webextension.screenshots@mozilla.org	WARN	Loading extension 'screenshots@mozilla.org': Reading manifest: Invalid host permission: about:reader*
1544915762136	Marionette	INFO	Listening on port 42249
1544915762221	Marionette	WARN	TLS certificate errors will be ignored for this session
1544916064643	mozrunner::runner	INFO	Running command: "/usr/bin/firefox" "-marionette" "-foreground" "-no-remote" "-profile" "/tmp/rust_mozprofile.Oc9VE120yaNN"
1544916065161	addons.webextension.screenshots@mozilla.org	WARN	Loading extension 'screenshots@mozilla.org': Reading manifest: Invalid host permission: resource://pdf.js/
1544916065162	addons.webextension.screenshots@mozilla.org	WARN	Loading extension 'screenshots@mozilla.org': Reading manifest: Invalid host permission: about:reader*
1544916068310	Marionette	INFO	Listening on port 34765
1544916068368	Marionette	WARN	TLS certificate errors will be ignored for this session
JavaScript error: https://s.yimg.com/nn/lib/metro/g/myy/video_manager_0.0.210.js, line 1: TypeError: YAHOO.VideoPlatform is undefined
1544916494868	mozrunner::runner	INFO	Running command: "/usr/bin/firefox" "-marionette" "-foreground" "-no-remote" "-profile" "/tmp/rust_mozprofile.uenWO9rvauKF"
1544916495382	addons.webextension.screenshots@mozilla.org	WARN	Loading extension 'screenshots@mozilla.org': Reading manifest: Invalid host permission: resource://pdf.js/
1544916495383	addons.webextension.screenshots@mozilla.org	WARN	Loading extension 'screenshots@mozilla.org': Reading manifest: Invalid host permission: about:reader*
1544916498818	Marionette	INFO	Listening on port 37707
1544916498890	Marionette	WARN	TLS certificate errors will be ignored for this session
console.error: "Error while calling actor 'layout's method 'getGrids'" "node is null"
console.error: "getGrids@resource://devtools/shared/base-loader.js -> resource://devtools/server/actors/layout.js:424:11\ngetGrids@resource://devtools/shared/base-loader.js -> resource://devtools/server/actors/layout.js:429:38\ngetGrids@resource://devtools/shared/base-loader.js -> resource://devtools/server/actors/layout.js:429:38\ngetGrids@resource://devtools/shared/base-loader.js -> resource://devtools/server/actors/layout.js:429:38\nhandler@resource://devtools/shared/base-loader.js -> resource://devtools/shared/protocol.js:1198:21\nonPacket@resource://devtools/shared/base-loader.js -> resource://devtools/server/main.js:1313:15\nreceiveMessage@resource://devtools/shared/base-loader.js -> resource://devtools/shared/transport/child-transport.js:66:5\n"
console.error: "TypeError: currentNode is null: canMutationImpactCurrentStyles@resource://devtools/shared/base-loader.js -> resource://devtools/client/inspector/shared/style-change-tracker.js:64:11\nonMutations@resource://devtools/shared/base-loader.js -> resource://devtools/client/inspector/shared/style-change-tracker.js:82:11\nemit@resource://devtools/shared/base-loader.js -> resource://devtools/shared/event-emitter.js:178:15\nemit@resource://devtools/shared/base-loader.js -> resource://devtools/shared/event-emitter.js:255:5\nWalkerFront<.getMutations</<@resource://devtools/shared/base-loader.js -> resource://devtools/shared/fronts/inspector.js:414:7\n"
TypeError: currentNode is null: canMutationImpactCurrentStyles@resource://devtools/shared/base-loader.js -> resource://devtools/client/inspector/shared/style-change-tracker.js:64:11
onMutations@resource://devtools/shared/base-loader.js -> resource://devtools/client/inspector/shared/style-change-tracker.js:82:11
emit@resource://devtools/shared/base-loader.js -> resource://devtools/shared/event-emitter.js:178:15
emit@resource://devtools/shared/base-loader.js -> resource://devtools/shared/event-emitter.js:255:5
WalkerFront<.getMutations</<@resource://devtools/shared/base-loader.js -> resource://devtools/shared/fronts/inspector.js:414:7

console.error: BroadcastService: 
  receivedBroadcastMessage: handler for
  remote-settings/monitor_changes
  threw error:
  Message: Error: Polling for changes failed: NetworkError when attempting to fetch resource..
  Stack:
    remoteSettingsFunction/remoteSettings.pollChanges@resource://services-settings/remote-settings.js:750:13

console.error: "Error while calling actor 'layout's method 'getGrids'" "node is null"
console.error: "getGrids@resource://devtools/shared/base-loader.js -> resource://devtools/server/actors/layout.js:424:11\ngetGrids@resource://devtools/shared/base-loader.js -> resource://devtools/server/actors/layout.js:429:38\nhandler@resource://devtools/shared/base-loader.js -> resource://devtools/shared/protocol.js:1198:21\nonPacket@resource://devtools/shared/base-loader.js -> resource://devtools/server/main.js:1313:15\nreceiveMessage@resource://devtools/shared/base-loader.js -> resource://devtools/shared/transport/child-transport.js:66:5\n"
1544918317370	mozrunner::runner	INFO	Running command: "/usr/bin/firefox" "-marionette" "-foreground" "-no-remote" "-profile" "/tmp/rust_mozprofile.HEmEIP4jczqG"
1544918318093	addons.webextension.screenshots@mozilla.org	WARN	Loading extension 'screenshots@mozilla.org': Reading manifest: Invalid host permission: resource://pdf.js/
1544918318094	addons.webextension.screenshots@mozilla.org	WARN	Loading extension 'screenshots@mozilla.org': Reading manifest: Invalid host permission: about:reader*
1544918321268	Marionette	INFO	Listening on port 45874
1544918321291	Marionette	WARN	TLS certificate errors will be ignored for this session
console.error: "Error while calling actor 'pagestyle's method 'getLayout'" "node is null"
console.error: "getLayout@resource://devtools/shared/base-loader.js -> resource://devtools/server/actors/styles.js:798:5\nhandler@resource://devtools/shared/base-loader.js -> resource://devtools/shared/protocol.js:1198:21\nonPacket@resource://devtools/shared/base-loader.js -> resource://devtools/server/main.js:1313:15\nreceiveMessage@resource://devtools/shared/base-loader.js -> resource://devtools/shared/transport/child-transport.js:66:5\n"
console.error: "Protocol error (unknownError): node is null"
console.error: BroadcastService: 
  receivedBroadcastMessage: handler for
  remote-settings/monitor_changes
  threw error:
  Message: Error: Polling for changes failed: NetworkError when attempting to fetch resource..
  Stack:
    remoteSettingsFunction/remoteSettings.pollChanges@resource://services-settings/remote-settings.js:750:13

[Parent 10492, Gecko_IOThread] WARNING: pipe error (71): Connection reset by peer: file /build/firefox-h0evE3/firefox-64.0+build3/ipc/chromium/src/chrome/common/ipc_channel_posix.cc, line 363
[Parent 10492, Gecko_IOThread] WARNING: pipe error (79): Connection reset by peer: file /build/firefox-h0evE3/firefox-64.0+build3/ipc/chromium/src/chrome/common/ipc_channel_posix.cc, line 363
1544920331308	Marionette	INFO	Stopped listening on port 45874
1544920409044	mozrunner::runner	INFO	Running command: "/usr/bin/firefox" "-marionette" "-foreground" "-no-remote" "-profile" "/tmp/rust_mozprofile.R11Vi4VzzUn3"
1544920409555	addons.webextension.screenshots@mozilla.org	WARN	Loading extension 'screenshots@mozilla.org': Reading manifest: Invalid host permission: resource://pdf.js/
1544920409555	addons.webextension.screenshots@mozilla.org	WARN	Loading extension 'screenshots@mozilla.org': Reading manifest: Invalid host permission: about:reader*
1544920412864	Marionette	INFO	Listening on port 34971
1544920412967	Marionette	WARN	TLS certificate errors will be ignored for this session
1544920426312	mozrunner::runner	INFO	Running command: "/usr/bin/firefox" "-marionette" "-foreground" "-no-remote" "-profile" "/tmp/rust_mozprofile.0kUkuR8lAKWM"
1544920426831	addons.webextension.screenshots@mozilla.org	WARN	Loading extension 'screenshots@mozilla.org': Reading manifest: Invalid host permission: resource://pdf.js/
1544920426831	addons.webextension.screenshots@mozilla.org	WARN	Loading extension 'screenshots@mozilla.org': Reading manifest: Invalid host permission: about:reader*
1544920430101	Marionette	INFO	Listening on port 46620
1544920430131	Marionette	WARN	TLS certificate errors will be ignored for this session
[Parent 11756, Gecko_IOThread] WARNING: pipe error (112): Connection reset by peer: file /build/firefox-h0evE3/firefox-64.0+build3/ipc/chromium/src/chrome/common/ipc_channel_posix.cc, line 363
[Parent 11756, Gecko_IOThread] WARNING: pipe error (80): Connection reset by peer: file /build/firefox-h0evE3/firefox-64.0+build3/ipc/chromium/src/chrome/common/ipc_channel_posix.cc, line 363
1544920439377	Marionette	INFO	Stopped listening on port 46620
console.error: "Error while calling actor 'layout's method 'getGrids'" "node is null"
console.error: "getGrids@resource://devtools/shared/base-loader.js -> resource://devtools/server/actors/layout.js:424:11\ngetGrids@resource://devtools/shared/base-loader.js -> resource://devtools/server/actors/layout.js:429:38\nhandler@resource://devtools/shared/base-loader.js -> resource://devtools/shared/protocol.js:1198:21\nonPacket@resource://devtools/shared/base-loader.js -> resource://devtools/server/main.js:1313:15\nreceiveMessage@resource://devtools/shared/base-loader.js -> resource://devtools/shared/transport/child-transport.js:66:5\n"
1544920726899	mozrunner::runner	INFO	Running command: "/usr/bin/firefox" "-marionette" "-foreground" "-no-remote" "-profile" "/tmp/rust_mozprofile.sqGEN8XZJ3YY"
1544920727476	addons.webextension.screenshots@mozilla.org	WARN	Loading extension 'screenshots@mozilla.org': Reading manifest: Invalid host permission: resource://pdf.js/
1544920727476	addons.webextension.screenshots@mozilla.org	WARN	Loading extension 'screenshots@mozilla.org': Reading manifest: Invalid host permission: about:reader*
1544920731109	Marionette	INFO	Listening on port 39168
1544920731224	Marionette	WARN	TLS certificate errors will be ignored for this session
1544920876951	Marionette	INFO	Stopped listening on port 39168
1544920997795	mozrunner::runner	INFO	Running command: "/usr/bin/firefox" "-marionette" "-foreground" "-no-remote" "-profile" "/tmp/rust_mozprofile.NUyt2O7fvEFO"
1544920998308	addons.webextension.screenshots@mozilla.org	WARN	Loading extension 'screenshots@mozilla.org': Reading manifest: Invalid host permission: resource://pdf.js/
1544920998308	addons.webextension.screenshots@mozilla.org	WARN	Loading extension 'screenshots@mozilla.org': Reading manifest: Invalid host permission: about:reader*
1544921001718	Marionette	INFO	Listening on port 40266
1544921001806	Marionette	WARN	TLS certificate errors will be ignored for this session
1544921674149	mozrunner::runner	INFO	Running command: "/usr/bin/firefox" "-marionette" "-foreground" "-no-remote" "-profile" "/tmp/rust_mozprofile.XNIo8ACBjMi6"
1544921674667	addons.webextension.screenshots@mozilla.org	WARN	Loading extension 'screenshots@mozilla.org': Reading manifest: Invalid host permission: resource://pdf.js/
1544921674668	addons.webextension.screenshots@mozilla.org	WARN	Loading extension 'screenshots@mozilla.org': Reading manifest: Invalid host permission: about:reader*
1544921678055	Marionette	INFO	Listening on port 34862
1544921678075	Marionette	WARN	TLS certificate errors will be ignored for this session
console.error: BroadcastService: 
  receivedBroadcastMessage: handler for
  remote-settings/monitor_changes
  threw error:
  Message: Error: Polling for changes failed: NetworkError when attempting to fetch resource..
  Stack:
    remoteSettingsFunction/remoteSettings.pollChanges@resource://services-settings/remote-settings.js:750:13

1545914146127	mozrunner::runner	INFO	Running command: "/usr/bin/firefox" "-marionette" "-foreground" "-no-remote" "-profile" "/tmp/rust_mozprofile.p9POTLN5zFuV"
1545914147063	addons.webextension.screenshots@mozilla.org	WARN	Loading extension 'screenshots@mozilla.org': Reading manifest: Invalid host permission: resource://pdf.js/
1545914147063	addons.webextension.screenshots@mozilla.org	WARN	Loading extension 'screenshots@mozilla.org': Reading manifest: Invalid host permission: about:reader*
1545914151014	Marionette	INFO	Listening on port 41668
1545914151068	Marionette	WARN	TLS certificate errors will be ignored for this session
console.error: BroadcastService: 
  receivedBroadcastMessage: handler for
  remote-settings/monitor_changes
  threw error:
  Message: Error: Polling for changes failed: NetworkError when attempting to fetch resource..
  Stack:
    remoteSettingsFunction/remoteSettings.pollChanges@resource://services-settings/remote-settings.js:750:13

1545914485651	mozrunner::runner	INFO	Running command: "/usr/bin/firefox" "-marionette" "-foreground" "-no-remote" "-profile" "/tmp/rust_mozprofile.mLUlB8UQP9Rn"
1545914486163	addons.webextension.screenshots@mozilla.org	WARN	Loading extension 'screenshots@mozilla.org': Reading manifest: Invalid host permission: resource://pdf.js/
1545914486164	addons.webextension.screenshots@mozilla.org	WARN	Loading extension 'screenshots@mozilla.org': Reading manifest: Invalid host permission: about:reader*
1545914489622	Marionette	INFO	Listening on port 38218
1545914489680	Marionette	WARN	TLS certificate errors will be ignored for this session
console.error: BroadcastService: 
  receivedBroadcastMessage: handler for
  remote-settings/monitor_changes
  threw error:
  Message: Error: Polling for changes failed: NetworkError when attempting to fetch resource..
  Stack:
    remoteSettingsFunction/remoteSettings.pollChanges@resource://services-settings/remote-settings.js:750:13

[Parent 3579, Gecko_IOThread] WARNING: pipe error (79): Connection reset by peer: file /build/firefox-h0evE3/firefox-64.0+build3/ipc/chromium/src/chrome/common/ipc_channel_posix.cc, line 363
[Parent 3579, Gecko_IOThread] WARNING: pipe error (93): Connection reset by peer: file /build/firefox-h0evE3/firefox-64.0+build3/ipc/chromium/src/chrome/common/ipc_channel_posix.cc, line 363
1545914593919	Marionette	INFO	Stopped listening on port 38218
[Parent 3150, Gecko_IOThread] WARNING: pipe error (79): Connection reset by peer: file /build/firefox-h0evE3/firefox-64.0+build3/ipc/chromium/src/chrome/common/ipc_channel_posix.cc, line 363
1545914698444	Marionette	INFO	Stopped listening on port 41668
1545914727968	mozrunner::runner	INFO	Running command: "/usr/bin/firefox" "-marionette" "-foreground" "-no-remote" "-profile" "/tmp/rust_mozprofile.d0TtR0v5rKpk"
1545914728527	addons.webextension.screenshots@mozilla.org	WARN	Loading extension 'screenshots@mozilla.org': Reading manifest: Invalid host permission: resource://pdf.js/
1545914728527	addons.webextension.screenshots@mozilla.org	WARN	Loading extension 'screenshots@mozilla.org': Reading manifest: Invalid host permission: about:reader*
1545914732390	Marionette	INFO	Listening on port 34554
1545914732496	Marionette	WARN	TLS certificate errors will be ignored for this session
[Parent 4083, Gecko_IOThread] WARNING: pipe error (79): Connection reset by peer: file /build/firefox-h0evE3/firefox-64.0+build3/ipc/chromium/src/chrome/common/ipc_channel_posix.cc, line 363
1545914740438	Marionette	INFO	Stopped listening on port 34554
1545974192777	mozrunner::runner	INFO	Running command: "/usr/bin/firefox" "-marionette" "-foreground" "-no-remote" "-profile" "/tmp/rust_mozprofile.tJoZuRPao8gP"
1545974208721	addons.webextension.screenshots@mozilla.org	WARN	Loading extension 'screenshots@mozilla.org': Reading manifest: Invalid host permission: resource://pdf.js/
1545974208721	addons.webextension.screenshots@mozilla.org	WARN	Loading extension 'screenshots@mozilla.org': Reading manifest: Invalid host permission: about:reader*
1545974228322	Marionette	INFO	Listening on port 44871
1545974228381	Marionette	WARN	TLS certificate errors will be ignored for this session
Marionette threw an error: TypeError: this.curBrowser.contentBrowser is null
GeckoDriver.prototype.get@chrome://marionette/content/driver.js:1083:3

JavaScript error: /accounts/static/_/js/k=gaia.gaiafe_glif.en_GB.8k7WHyjlvcc.O/am=AgXgABAADNifAQjPIIYSdIgBAPAFW6_AEQEBAoDIQ___T___3I0C/rt=j/d=1/rs=ABkqax07sTvwzx8fZ34rBOL_o6Dgyavq-A/m=glifb,identifier,unknownerror, line 459: NS_ERROR_NOT_INITIALIZED: 
JavaScript error: resource:///modules/FaviconLoader.jsm, line 419: NS_ERROR_ILLEGAL_VALUE
[Parent 3842, Gecko_IOThread] WARNING: pipe error (69): Connection reset by peer: file /build/firefox-h0evE3/firefox-64.0+build3/ipc/chromium/src/chrome/common/ipc_channel_posix.cc, line 363
1545974293958	Marionette	INFO	Stopped listening on port 44871
1546012010026	mozrunner::runner	INFO	Running command: "/usr/bin/firefox" "-marionette" "-foreground" "-no-remote" "-profile" "/tmp/rust_mozprofile.EIzCPSeinMgx"
1546012014671	addons.webextension.screenshots@mozilla.org	WARN	Loading extension 'screenshots@mozilla.org': Reading manifest: Invalid host permission: resource://pdf.js/
1546012014671	addons.webextension.screenshots@mozilla.org	WARN	Loading extension 'screenshots@mozilla.org': Reading manifest: Invalid host permission: about:reader*
1546012020653	Marionette	INFO	Listening on port 42319
1546012020679	Marionette	WARN	TLS certificate errors will be ignored for this session
console.error: BroadcastService: 
  receivedBroadcastMessage: handler for
  remote-settings/monitor_changes
  threw error:
  Message: Error: Polling for changes failed: NetworkError when attempting to fetch resource..
  Stack:
    remoteSettingsFunction/remoteSettings.pollChanges@resource://services-settings/remote-settings.js:750:13

[Parent 4816, Gecko_IOThread] WARNING: pipe error (72): Connection reset by peer: file /build/firefox-h0evE3/firefox-64.0+build3/ipc/chromium/src/chrome/common/ipc_channel_posix.cc, line 363
[Parent 4816, Gecko_IOThread] WARNING: pipe error (92): Connection reset by peer: file /build/firefox-h0evE3/firefox-64.0+build3/ipc/chromium/src/chrome/common/ipc_channel_posix.cc, line 363
1546012776757	Marionette	INFO	Stopped listening on port 42319
1546012793910	mozrunner::runner	INFO	Running command: "/usr/bin/firefox" "-marionette" "-foreground" "-no-remote" "-profile" "/tmp/rust_mozprofile.o640q0AtKxih"
1546012794465	addons.webextension.screenshots@mozilla.org	WARN	Loading extension 'screenshots@mozilla.org': Reading manifest: Invalid host permission: resource://pdf.js/
1546012794465	addons.webextension.screenshots@mozilla.org	WARN	Loading extension 'screenshots@mozilla.org': Reading manifest: Invalid host permission: about:reader*
1546012797712	Marionette	INFO	Listening on port 43859
1546012797733	Marionette	WARN	TLS certificate errors will be ignored for this session
1546013076646	mozrunner::runner	INFO	Running command: "/usr/bin/firefox" "-marionette" "-foreground" "-no-remote" "-profile" "/tmp/rust_mozprofile.OXjGJN5VS43i"
1546013077191	addons.webextension.screenshots@mozilla.org	WARN	Loading extension 'screenshots@mozilla.org': Reading manifest: Invalid host permission: resource://pdf.js/
1546013077192	addons.webextension.screenshots@mozilla.org	WARN	Loading extension 'screenshots@mozilla.org': Reading manifest: Invalid host permission: about:reader*
1546013080455	Marionette	INFO	Listening on port 44515
1546013080481	Marionette	WARN	TLS certificate errors will be ignored for this session
1546013144737	mozrunner::runner	INFO	Running command: "/usr/bin/firefox" "-marionette" "-foreground" "-no-remote" "-profile" "/tmp/rust_mozprofile.8k9QaL11E3Fl"
1546013145465	addons.webextension.screenshots@mozilla.org	WARN	Loading extension 'screenshots@mozilla.org': Reading manifest: Invalid host permission: resource://pdf.js/
1546013145465	addons.webextension.screenshots@mozilla.org	WARN	Loading extension 'screenshots@mozilla.org': Reading manifest: Invalid host permission: about:reader*
1546013149427	Marionette	INFO	Listening on port 46303
1546013149473	Marionette	WARN	TLS certificate errors will be ignored for this session
console.error: BroadcastService: 
  receivedBroadcastMessage: handler for
  remote-settings/monitor_changes
  threw error:
  Message: Error: Polling for changes failed: NetworkError when attempting to fetch resource..
  Stack:
    remoteSettingsFunction/remoteSettings.pollChanges@resource://services-settings/remote-settings.js:750:13

console.error: BroadcastService: 
  receivedBroadcastMessage: handler for
  remote-settings/monitor_changes
  threw error:
  Message: Error: Polling for changes failed: NetworkError when attempting to fetch resource..
  Stack:
    remoteSettingsFunction/remoteSettings.pollChanges@resource://services-settings/remote-settings.js:750:13

console.error: BroadcastService: 
  receivedBroadcastMessage: handler for
  remote-settings/monitor_changes
  threw error:
  Message: Error: Polling for changes failed: NetworkError when attempting to fetch resource..
  Stack:
    remoteSettingsFunction/remoteSettings.pollChanges@resource://services-settings/remote-settings.js:750:13


###!!! [Child][MessageChannel] Error: (msgtype=0x580029,name=PNecko::Msg_RemoveRequestContext) Channel closing: too late to send/recv, messages will be lost


###!!! [Child][RunMessage] Error: Channel closing: too late to send/recv, messages will be lost

[Parent 6955, Gecko_IOThread] WARNING: pipe error (90): Connection reset by peer: file /build/firefox-h0evE3/firefox-64.0+build3/ipc/chromium/src/chrome/common/ipc_channel_posix.cc, line 363
1546013268072	Marionette	INFO	Stopped listening on port 46303
[Parent 6651, Gecko_IOThread] WARNING: pipe error (79): Connection reset by peer: file /build/firefox-h0evE3/firefox-64.0+build3/ipc/chromium/src/chrome/common/ipc_channel_posix.cc, line 363
[Parent 6651, Gecko_IOThread] WARNING: pipe error (121): Connection reset by peer: file /build/firefox-h0evE3/firefox-64.0+build3/ipc/chromium/src/chrome/common/ipc_channel_posix.cc, line 363
1546013272960	Marionette	INFO	Stopped listening on port 44515
1546013405277	mozrunner::runner	INFO	Running command: "/usr/bin/firefox" "-marionette" "-foreground" "-no-remote" "-profile" "/tmp/rust_mozprofile.cg4lYHPlAyyC"
1546013405882	addons.webextension.screenshots@mozilla.org	WARN	Loading extension 'screenshots@mozilla.org': Reading manifest: Invalid host permission: resource://pdf.js/
1546013405883	addons.webextension.screenshots@mozilla.org	WARN	Loading extension 'screenshots@mozilla.org': Reading manifest: Invalid host permission: about:reader*
1546013409394	Marionette	INFO	Listening on port 38348
1546013409502	Marionette	WARN	TLS certificate errors will be ignored for this session
1546013409618	Marionette	ERROR	[4294967297] No reply from Marionette:Register
JavaScript error: chrome://marionette/content/listener.js, line 458: TypeError: reply[0] is undefined
JavaScript warning: https://ad.hockeycurve.com/ad.php?zoneid=300x250&client=abfl&partner=dbm&fcat=newcalculator&ct0=https://googleads.g.doubleclick.net/dbm/clk%3Fsa%3DL%26ai%3DCNjzP9komXICXMYfCogPKzaOIAp3xtr1U_5qs2vcHgp3coNQBEAEgzt3FJ2DlwuSDpA6gAZDxmpUDyAEJqQLTq18mPLVOPqgDAaoEpwFP0Bz3suIdtlKYOYL5AgTgZZ4pAa2bAUWvcBRvDEIbf9WW68s-34mUV7NwTqhUG8whTKEvoyXwsPcG03W3UUTwIvEXSn8uSAuyuHmp9rfd6nUY9ZvuwpvNVF3wiOKv_xlYE55dvOy_JDF43gppOQz7Ftg6v_Mh8Yt-C1W2vJvHkYMcrb9ioeSHN6k3E8GtEDoamd1y-2e4mNcV-TvipI_mbUGueeKO2-AEA5AGAaAGTYAH2I7laqgHjs4bqAfVyRuoB6gGqAe50huoB7oGqAfZyxuoB8_MG6gHpr4b2AcA0ggHCIBhEAEYA4AKA7AT7vHcBdgTAw%26ae%3D1%26num%3D1%26cid%3DCAASEuRodkk9H0YfkwmH6phHp3at0w%26sig%3DAOD64_3UF6tSDWL7vSKoGZiJ-gALst8dOA%26client%3Dca-pub-6785382607161389%26dbm_c%3DAKAmf-Bj00J_icWju7E98M_KWOxUWS2_58cUVuVCD7AZoCTIW-O9GmpQhkEY9IsP9Hq1bkWm6E1b%26dbm_d%3DAKAmf-D2qaGojMk8uLhVsHdNFNkY9DagtHx-2bvGg7Da_Xiz11DdGbeiBQBGXNYY8DpDwf6pvAuKpbWrw9Nfz_dtFO1L_2u8gIq-li3uH9nK_2lHIL9sn0XfLnfJQz_s4umKGpchrlb-xrGidLguwK5uPqwRl096_18_cyuNpEu6gMKjuMbsjedFk3cWVVLN4FCJezEIIVeSAhcLghYPYWWA-7X1kW1PV3uKV--egtolMdyyuE0moHnUEqpTFI_9QjiOZJJcs72R8paAIfRN32sF80lb4UFaB5di0Zt2xt86wzUqbfqTBQv1Lp5lWNeRTtGGbcTt90MlcO_JNzOiFg3Fw8tLaljPrw%26adurl%3D&cb=1546013430805760&dbmc=19391884&dbms=, line 326: SyntaxError: 08 is not a legal ECMA-262 octal constant
JavaScript warning: https://ad.hockeycurve.com/ad.php?zoneid=300x250&client=abfl&partner=dbm&fcat=newcalculator&ct0=https://googleads.g.doubleclick.net/dbm/clk%3Fsa%3DL%26ai%3DCOLXd9komXPn0L4WrogPtnLvIAp3xtr1U_5qs2vcHgp3coNQBEAEgzt3FJ2DlwuSDpA6gAZDxmpUDyAEJqQLTq18mPLVOPqgDAaoEpwFP0MOf_mcGtdXm7LHBNJV9uQLCi03FGTbvutGnfx-dyFZ6U0h-OzD-EVR8LYaJV57z3gmVtqyPLrUmPUMkUCPOCbQQyoBQP3v_AtymI5teq2RCZo4K1TBS8pmtUjyV2Lp8aRJZi-OvY_LhBvJSrDlVeefQQ3CK5AQeE2hLAfPMqW3-cxIxIWaK-LHbxrRN9_8CciaASLsxq8Zd2hdN8vstG0WoSyrUo-AEA5AGAaAGTYAH2I7laqgHjs4bqAfVyRuoB6gGqAe50huoB7oGqAfZyxuoB8_MG6gHpr4b2AcA0ggHCIBhEAEYA4AKA7AT7vHcBdgTAw%26ae%3D1%26num%3D1%26cid%3DCAASEuRoafxd0CeVkb8ZFOKCGvHw4Q%26sig%3DAOD64_27jDfauWr7sDYcFE_GEQjEftPBHQ%26client%3Dca-pub-6785382607161389%26dbm_c%3DAKAmf-BvevZQlFf7M9IFgZth0W6if2dNl6gI99Egpb-Va1VegDhIi-PrbZ_P_aoha7RImmbcMoOV%26dbm_d%3DAKAmf-DFDErBu9UkdlFOlurJdAOupGz1FnRkVQJLQcMKIeGH1g6pH5kHDvb6RrO9fZwukne14_adcWgHbfbsYhEwzymFbhJroIoOXIgzVGHX576qSsUB80CTD09sA2zCqJ-0VPTfYjgq7EHoFfAyvAyoqR20OdFpL8YgVNS5f2eqZSY3fJShfCNpvQaLGOPpTGXxIkky99IuyEQ1U4oy3HcOIn8fL34WQFVOB6L89z-WJjrMqsJCjYwhS-w6DtMJ5Z61Dww5NQEOLGhC9iWLbokZMnX7UqaqPJFL0oUGqSbJxV0djIomPM0EDloeUrpFDU_crevZyxdFAvywy429QnxrDRtQycrXGA%26adurl%3D&cb=1546013430785017&dbmc=19391884&dbms=, line 326: SyntaxError: 08 is not a legal ECMA-262 octal constant
console.error: BroadcastService: 
  receivedBroadcastMessage: handler for
  remote-settings/monitor_changes
  threw error:
  Message: Error: Polling for changes failed: NetworkError when attempting to fetch resource..
  Stack:
    remoteSettingsFunction/remoteSettings.pollChanges@resource://services-settings/remote-settings.js:750:13

1546013964019	mozrunner::runner	INFO	Running command: "/usr/bin/firefox" "-marionette" "-foreground" "-no-remote" "-profile" "/tmp/rust_mozprofile.cIhO9Tq7dY29"
1546013964589	addons.webextension.screenshots@mozilla.org	WARN	Loading extension 'screenshots@mozilla.org': Reading manifest: Invalid host permission: resource://pdf.js/
1546013964590	addons.webextension.screenshots@mozilla.org	WARN	Loading extension 'screenshots@mozilla.org': Reading manifest: Invalid host permission: about:reader*
1546013968029	Marionette	INFO	Listening on port 40928
1546013968073	Marionette	WARN	TLS certificate errors will be ignored for this session
JavaScript warning: https://ad.hockeycurve.com/ad.php?zoneid=300x250&client=abfl&partner=dbm&fcat=newcalculator&ct0=https://googleads.g.doubleclick.net/dbm/clk%3Fsa%3DL%26ai%3DCWOjFIE0mXOiqLtaRrQGr2pOQC53xtr1U_5qs2vcH8p7coNQBEAEgzt3FJ2DlwuSDpA6gAZDxmpUDyAEJqQLTq18mPLVOPqgDAaoErwFP0DtBQG1CznOJ4py-JJA0AVj99rQ5bB-2ubowAWHpAz7UjKIAzJxJuJVxAOnZXiPHKwm0hEHC5vWO_eS5QgvFwDVgt50zV61unbElA3recmJRA_ou9l___meVr4GRkpeseUVCWr1rmZfC6_Ean6J7VL_dDmeB7mW6MnZt5ohIc2gVeUbLpPx5z5D9WYMNJ0ZR3KVQ-HoVAvsNos7N688O7neC1xafI0r0X6PaXLGv4AQDkAYBoAZNgAfYjuVqqAeOzhuoB9XJG6gHqAaoB7nSG6gHugaoB9nLG6gHz8wbqAemvhvYBwDSCAcIgGEQARgDgAoDsBPu8dwF2BMD%26ae%3D1%26num%3D1%26cid%3DCAASEuRoSIIli2FPIxydng9Uv4oq8w%26sig%3DAOD64_0Lh08TmJfn-xflYw2kO5bq2aWQYw%26client%3Dca-pub-6785382607161389%26dbm_c%3DAKAmf-BOXrImxRFLXNp3MM2h2D8qH9MSnfdwOjpnRsNgfpwSH3Aj84WdQZpxIFZucwKP-cV8SOyT%26dbm_d%3DAKAmf-CLmDWuNxZLHQiJ9giGJp6WDwwixdmooyWr1G5G5ilINpF5wVqCq9krgOr48cFrS6YKBB766TGs9YmuCAK-6aEDddUSsyMh_fNBMuQG1LOnIkWhSuploOS9qDNOhafX-Q0TTt8yH0HFD7lVg7XJcgz8cycbbfmWfJ7Rptby6lE0-_z7X9YLnkuHmDm_9ZabOv3_kA8qodsr9TDkI3AedaELWGHHnyebkENjM5AIAnt7tLv9WCeRztzyS7kW-x7Rf9QqeaR7fGm1IOVRQYmHhttDXcpdN-9JsD_h9B7rKOTa9fpfFRcWv-LrMjIT6hnohoIVyurmLfNkLrNJ09YVynY80vQB0g%26adurl%3D&cb=1546013984759144&dbmc=19391884&dbms=, line 326: SyntaxError: 08 is not a legal ECMA-262 octal constant
JavaScript warning: https://ad.hockeycurve.com/ad.php?zoneid=300x250&client=abfl&partner=dbm&fcat=newcalculator&ct0=https://googleads.g.doubleclick.net/dbm/clk%3Fsa%3DL%26ai%3DCEDCDIE0mXID2IcyNrQHGsL2IAZ3xtr1U_5qs2vcH8p7coNQBEAEgzt3FJ2DlwuSDpA6gAZDxmpUDyAEJqQLTq18mPLVOPqgDAaoErwFP0DPJx6tZI_dbQd3gOCkWaHkl0KcZKPFS-A8pxBBv09DLQKvmpTjgq2OBAq0VZvpKdfDy3IAv6qWy4S6KSW-komQM8gNONrKi9EHQLsE1bjCwflCEsxE99RoU0GL3uf2NMHJa-hIG8LuLT8dVGATGsDFwTKysyZnNGhqAr-Qhkoby8HlDf63Uy-rRooNsQgvB-_ttfnB-HoqbcJmPuv8IvP3MUyPBvXXytXOVYgC54AQDkAYBoAZNgAfYjuVqqAeOzhuoB9XJG6gHqAaoB7nSG6gHugaoB9nLG6gHz8wbqAemvhvYBwDSCAcIgGEQARgDgAoDsBPu8dwF2BMD%26ae%3D1%26num%3D1%26cid%3DCAASEuRoQC5xORoHjDVkA5C-vnVjNQ%26sig%3DAOD64_3D3LMtFdMjdWaEyHaIzgprBYSbZA%26client%3Dca-pub-6785382607161389%26dbm_c%3DAKAmf-DrF-k3lZVAai1fNCkwMYmRrxifybmrztp-HvyGSFX0AI7EvZQxWqMe-tHIzcCBEED_yPh6%26dbm_d%3DAKAmf-B-KobKN-aMAvtoB_JSUQtdOp26jvgnJ-CdRRZAgOP058Rtc3Sk9UCsGu0sr4HW5RsvEMBrLA9s05A17Vyn6SzJnRDqoKZSjoGfJsopHWeL-Jz6E65gnJpb1j9-MUC3Dwi4ZVYQZCtqXSeEmI3c0NZ6OkPXOLB9CBVxJf9K7-LKzEQEf37LluxcW067OPXQY3JF2X7jsQ1RLE2Lb24nSSO_R8L_9xR1mylGCY2MnpTUCPbJOvh0ki3Ol7Ll-QSNcgMwUSxSX5DVESRn5lVj79gE0ESbSiWh4wnZreW3rlmSyq4nRTnDBH2SGibInqqcW_ZRS5kKhodND3pvxnKQ5Gw6lvt2Ag%26adurl%3D&cb=1546013984555776&dbmc=19391884&dbms=, line 326: SyntaxError: 08 is not a legal ECMA-262 octal constant
1546014178496	mozrunner::runner	INFO	Running command: "/usr/bin/firefox" "-marionette" "-foreground" "-no-remote" "-profile" "/tmp/rust_mozprofile.whNXFZ4HP0dG"
1546014179064	addons.webextension.screenshots@mozilla.org	WARN	Loading extension 'screenshots@mozilla.org': Reading manifest: Invalid host permission: resource://pdf.js/
1546014179064	addons.webextension.screenshots@mozilla.org	WARN	Loading extension 'screenshots@mozilla.org': Reading manifest: Invalid host permission: about:reader*
1546014182694	Marionette	INFO	Listening on port 38534
1546014182723	Marionette	WARN	TLS certificate errors will be ignored for this session
console.error: BroadcastService: 
  receivedBroadcastMessage: handler for
  remote-settings/monitor_changes
  threw error:
  Message: Error: Polling for changes failed: NetworkError when attempting to fetch resource..
  Stack:
    remoteSettingsFunction/remoteSettings.pollChanges@resource://services-settings/remote-settings.js:750:13

[Parent 8630, Gecko_IOThread] WARNING: pipe error (107): Connection reset by peer: file /build/firefox-h0evE3/firefox-64.0+build3/ipc/chromium/src/chrome/common/ipc_channel_posix.cc, line 363
1546014296558	Marionette	INFO	Stopped listening on port 38534
[Parent 7370, Gecko_IOThread] WARNING: pipe error (79): Connection reset by peer: file /build/firefox-h0evE3/firefox-64.0+build3/ipc/chromium/src/chrome/common/ipc_channel_posix.cc, line 363
[Parent 7370, Gecko_IOThread] WARNING: pipe error (107): Connection reset by peer: file /build/firefox-h0evE3/firefox-64.0+build3/ipc/chromium/src/chrome/common/ipc_channel_posix.cc, line 363
1546014298874	Marionette	INFO	Stopped listening on port 38348
1546014362422	mozrunner::runner	INFO	Running command: "/usr/bin/firefox" "-marionette" "-foreground" "-no-remote" "-profile" "/tmp/rust_mozprofile.TNmzTEh01ASI"
1546014362995	addons.webextension.screenshots@mozilla.org	WARN	Loading extension 'screenshots@mozilla.org': Reading manifest: Invalid host permission: resource://pdf.js/
1546014362995	addons.webextension.screenshots@mozilla.org	WARN	Loading extension 'screenshots@mozilla.org': Reading manifest: Invalid host permission: about:reader*
1546014366704	Marionette	INFO	Listening on port 43564
1546014366761	Marionette	WARN	TLS certificate errors will be ignored for this session
console.error: BroadcastService: 
  receivedBroadcastMessage: handler for
  remote-settings/monitor_changes
  threw error:
  Message: Error: Polling for changes failed: NetworkError when attempting to fetch resource..
  Stack:
    remoteSettingsFunction/remoteSettings.pollChanges@resource://services-settings/remote-settings.js:750:13

IPDL protocol error: Handler returned error code!

###!!! [Parent][DispatchAsyncMessage] Error: PLayerTransaction::Msg_ReleaseLayer Processing error: message was deserialized, but the handler returned false (indicating failure)

IPDL protocol error: Handler returned error code!

###!!! [Parent][DispatchAsyncMessage] Error: PLayerTransaction::Msg_ReleaseLayer Processing error: message was deserialized, but the handler returned false (indicating failure)

IPDL protocol error: Handler returned error code!

###!!! [Parent][DispatchAsyncMessage] Error: PLayerTransaction::Msg_ReleaseLayer Processing error: message was deserialized, but the handler returned false (indicating failure)

IPDL protocol error: Handler returned error code!

###!!! [Parent][DispatchAsyncMessage] Error: PLayerTransaction::Msg_ReleaseLayer Processing error: message was deserialized, but the handler returned false (indicating failure)

IPDL protocol error: Handler returned error code!

###!!! [Parent][DispatchAsyncMessage] Error: PLayerTransaction::Msg_ReleaseLayer Processing error: message was deserialized, but the handler returned false (indicating failure)

IPDL protocol error: Handler returned error code!

###!!! [Parent][DispatchAsyncMessage] Error: PLayerTransaction::Msg_ReleaseLayer Processing error: message was deserialized, but the handler returned false (indicating failure)

IPDL protocol error: Handler returned error code!

###!!! [Parent][DispatchAsyncMessage] Error: PLayerTransaction::Msg_ReleaseLayer Processing error: message was deserialized, but the handler returned false (indicating failure)

IPDL protocol error: Handler returned error code!

###!!! [Parent][DispatchAsyncMessage] Error: PLayerTransaction::Msg_ReleaseLayer Processing error: message was deserialized, but the handler returned false (indicating failure)

IPDL protocol error: Handler returned error code!

###!!! [Parent][DispatchAsyncMessage] Error: PLayerTransaction::Msg_ReleaseLayer Processing error: message was deserialized, but the handler returned false (indicating failure)

IPDL protocol error: Handler returned error code!

###!!! [Parent][DispatchAsyncMessage] Error: PLayerTransaction::Msg_ReleaseLayer Processing error: message was deserialized, but the handler returned false (indicating failure)

IPDL protocol error: Handler returned error code!

###!!! [Parent][DispatchAsyncMessage] Error: PLayerTransaction::Msg_ReleaseLayer Processing error: message was deserialized, but the handler returned false (indicating failure)

IPDL protocol error: Handler returned error code!

###!!! [Parent][DispatchAsyncMessage] Error: PLayerTransaction::Msg_ReleaseLayer Processing error: message was deserialized, but the handler returned false (indicating failure)

IPDL protocol error: Handler returned error code!

###!!! [Parent][DispatchAsyncMessage] Error: PLayerTransaction::Msg_ReleaseLayer Processing error: message was deserialized, but the handler returned false (indicating failure)

IPDL protocol error: Handler returned error code!

###!!! [Parent][DispatchAsyncMessage] Error: PLayerTransaction::Msg_ReleaseLayer Processing error: message was deserialized, but the handler returned false (indicating failure)

IPDL protocol error: Handler returned error code!

###!!! [Parent][DispatchAsyncMessage] Error: PLayerTransaction::Msg_ReleaseLayer Processing error: message was deserialized, but the handler returned false (indicating failure)

IPDL protocol error: Handler returned error code!

###!!! [Parent][DispatchAsyncMessage] Error: PLayerTransaction::Msg_ReleaseLayer Processing error: message was deserialized, but the handler returned false (indicating failure)

IPDL protocol error: Handler returned error code!

###!!! [Parent][DispatchAsyncMessage] Error: PLayerTransaction::Msg_ReleaseLayer Processing error: message was deserialized, but the handler returned false (indicating failure)

IPDL protocol error: Handler returned error code!

###!!! [Parent][DispatchAsyncMessage] Error: PLayerTransaction::Msg_ReleaseLayer Processing error: message was deserialized, but the handler returned false (indicating failure)

IPDL protocol error: Handler returned error code!

###!!! [Parent][DispatchAsyncMessage] Error: PLayerTransaction::Msg_ReleaseLayer Processing error: message was deserialized, but the handler returned false (indicating failure)

IPDL protocol error: Handler returned error code!

###!!! [Parent][DispatchAsyncMessage] Error: PLayerTransaction::Msg_ReleaseLayer Processing error: message was deserialized, but the handler returned false (indicating failure)

1546015749211	Marionette	INFO	Stopped listening on port 43859
1546016204613	mozrunner::runner	INFO	Running command: "/usr/bin/firefox" "-marionette" "-foreground" "-no-remote" "-profile" "/tmp/rust_mozprofile.PVnaMZWedjxU"
1546016205128	addons.webextension.screenshots@mozilla.org	WARN	Loading extension 'screenshots@mozilla.org': Reading manifest: Invalid host permission: resource://pdf.js/
1546016205128	addons.webextension.screenshots@mozilla.org	WARN	Loading extension 'screenshots@mozilla.org': Reading manifest: Invalid host permission: about:reader*
1546016208308	Marionette	INFO	Listening on port 33122
1546016208329	Marionette	WARN	TLS certificate errors will be ignored for this session
console.error: BroadcastService: 
  receivedBroadcastMessage: handler for
  remote-settings/monitor_changes
  threw error:
  Message: Error: Polling for changes failed: NetworkError when attempting to fetch resource..
  Stack:
    remoteSettingsFunction/remoteSettings.pollChanges@resource://services-settings/remote-settings.js:750:13

1546017012701	mozrunner::runner	INFO	Running command: "/usr/bin/firefox" "-marionette" "-foreground" "-no-remote" "-profile" "/tmp/rust_mozprofile.lWC3Au0NO9g8"
1546017013220	addons.webextension.screenshots@mozilla.org	WARN	Loading extension 'screenshots@mozilla.org': Reading manifest: Invalid host permission: resource://pdf.js/
1546017013220	addons.webextension.screenshots@mozilla.org	WARN	Loading extension 'screenshots@mozilla.org': Reading manifest: Invalid host permission: about:reader*
1546017016428	Marionette	INFO	Listening on port 44605
1546017016528	Marionette	WARN	TLS certificate errors will be ignored for this session
1546017257151	mozrunner::runner	INFO	Running command: "/usr/bin/firefox" "-marionette" "-foreground" "-no-remote" "-profile" "/tmp/rust_mozprofile.gWHLcurVsTo9"
1546017257665	addons.webextension.screenshots@mozilla.org	WARN	Loading extension 'screenshots@mozilla.org': Reading manifest: Invalid host permission: resource://pdf.js/
1546017257665	addons.webextension.screenshots@mozilla.org	WARN	Loading extension 'screenshots@mozilla.org': Reading manifest: Invalid host permission: about:reader*
1546017260809	Marionette	INFO	Listening on port 36777
1546017260866	Marionette	WARN	TLS certificate errors will be ignored for this session
console.error: BroadcastService: 
  receivedBroadcastMessage: handler for
  remote-settings/monitor_changes
  threw error:
  Message: Error: Polling for changes failed: NetworkError when attempting to fetch resource..
  Stack:
    remoteSettingsFunction/remoteSettings.pollChanges@resource://services-settings/remote-settings.js:750:13

[Parent 11033, Gecko_IOThread] WARNING: pipe error (63): Connection reset by peer: file /build/firefox-h0evE3/firefox-64.0+build3/ipc/chromium/src/chrome/common/ipc_channel_posix.cc, line 363
[Parent 11033, Gecko_IOThread] WARNING: pipe error (79): Connection reset by peer: file /build/firefox-h0evE3/firefox-64.0+build3/ipc/chromium/src/chrome/common/ipc_channel_posix.cc, line 363
1546023369931	Marionette	INFO	Stopped listening on port 44605
IPDL protocol error: Handler returned error code!

###!!! [Parent][DispatchAsyncMessage] Error: PLayerTransaction::Msg_ReleaseLayer Processing error: message was deserialized, but the handler returned false (indicating failure)

IPDL protocol error: Handler returned error code!

###!!! [Parent][DispatchAsyncMessage] Error: PLayerTransaction::Msg_ReleaseLayer Processing error: message was deserialized, but the handler returned false (indicating failure)

IPDL protocol error: Handler returned error code!

###!!! [Parent][DispatchAsyncMessage] Error: PLayerTransaction::Msg_ReleaseLayer Processing error: message was deserialized, but the handler returned false (indicating failure)

IPDL protocol error: Handler returned error code!

###!!! [Parent][DispatchAsyncMessage] Error: PLayerTransaction::Msg_ReleaseLayer Processing error: message was deserialized, but the handler returned false (indicating failure)

IPDL protocol error: Handler returned error code!

###!!! [Parent][DispatchAsyncMessage] Error: PLayerTransaction::Msg_ReleaseLayer Processing error: message was deserialized, but the handler returned false (indicating failure)

IPDL protocol error: Handler returned error code!

###!!! [Parent][DispatchAsyncMessage] Error: PLayerTransaction::Msg_ReleaseLayer Processing error: message was deserialized, but the handler returned false (indicating failure)

IPDL protocol error: Handler returned error code!

###!!! [Parent][DispatchAsyncMessage] Error: PLayerTransaction::Msg_ReleaseLayer Processing error: message was deserialized, but the handler returned false (indicating failure)

[Parent 10369, Gecko_IOThread] WARNING: pipe error (87): Connection reset by peer: file /build/firefox-h0evE3/firefox-64.0+build3/ipc/chromium/src/chrome/common/ipc_channel_posix.cc, line 363
[Parent 10369, Gecko_IOThread] WARNING: pipe error (79): Connection reset by peer: file /build/firefox-h0evE3/firefox-64.0+build3/ipc/chromium/src/chrome/common/ipc_channel_posix.cc, line 363
1546023371454	Marionette	INFO	Stopped listening on port 33122
1546063757526	mozrunner::runner	INFO	Running command: "/usr/bin/firefox" "-marionette" "-foreground" "-no-remote" "-profile" "/tmp/rust_mozprofile.VFXAMxBQ7n9g"
1546063758658	addons.webextension.screenshots@mozilla.org	WARN	Loading extension 'screenshots@mozilla.org': Reading manifest: Invalid host permission: resource://pdf.js/
1546063758659	addons.webextension.screenshots@mozilla.org	WARN	Loading extension 'screenshots@mozilla.org': Reading manifest: Invalid host permission: about:reader*
1546063763960	Marionette	INFO	Listening on port 34168
1546063764008	Marionette	WARN	TLS certificate errors will be ignored for this session
1546063940394	mozrunner::runner	INFO	Running command: "/usr/bin/firefox" "-marionette" "-foreground" "-no-remote" "-profile" "/tmp/rust_mozprofile.pzbwIooQD3fZ"
1546063941299	addons.webextension.screenshots@mozilla.org	WARN	Loading extension 'screenshots@mozilla.org': Reading manifest: Invalid host permission: resource://pdf.js/
1546063941301	addons.webextension.screenshots@mozilla.org	WARN	Loading extension 'screenshots@mozilla.org': Reading manifest: Invalid host permission: about:reader*
1546063946434	Marionette	INFO	Listening on port 40822
1546063946557	Marionette	WARN	TLS certificate errors will be ignored for this session
1546064088244	mozrunner::runner	INFO	Running command: "/usr/bin/firefox" "-marionette" "-foreground" "-no-remote" "-profile" "/tmp/rust_mozprofile.eLNvlpkdHEZ6"
1546064089350	addons.webextension.screenshots@mozilla.org	WARN	Loading extension 'screenshots@mozilla.org': Reading manifest: Invalid host permission: resource://pdf.js/
1546064089351	addons.webextension.screenshots@mozilla.org	WARN	Loading extension 'screenshots@mozilla.org': Reading manifest: Invalid host permission: about:reader*
1546064094074	Marionette	INFO	Listening on port 37274
1546064094178	Marionette	WARN	TLS certificate errors will be ignored for this session
[Parent 4788, Gecko_IOThread] WARNING: pipe error (79): Connection reset by peer: file /build/firefox-h0evE3/firefox-64.0+build3/ipc/chromium/src/chrome/common/ipc_channel_posix.cc, line 363
1546064205670	Marionette	INFO	Stopped listening on port 37274
1546064425481	mozrunner::runner	INFO	Running command: "/usr/bin/firefox" "-marionette" "-foreground" "-no-remote" "-profile" "/tmp/rust_mozprofile.4cpCmuZuJ2Oe"
1546064426068	addons.webextension.screenshots@mozilla.org	WARN	Loading extension 'screenshots@mozilla.org': Reading manifest: Invalid host permission: resource://pdf.js/
1546064426068	addons.webextension.screenshots@mozilla.org	WARN	Loading extension 'screenshots@mozilla.org': Reading manifest: Invalid host permission: about:reader*
1546064429488	Marionette	INFO	Listening on port 45171
1546064429505	Marionette	WARN	TLS certificate errors will be ignored for this session
1546064531027	mozrunner::runner	INFO	Running command: "/usr/bin/firefox" "-marionette" "-foreground" "-no-remote" "-profile" "/tmp/rust_mozprofile.TOicQZAMGafM"
1546064531660	addons.webextension.screenshots@mozilla.org	WARN	Loading extension 'screenshots@mozilla.org': Reading manifest: Invalid host permission: resource://pdf.js/
1546064531660	addons.webextension.screenshots@mozilla.org	WARN	Loading extension 'screenshots@mozilla.org': Reading manifest: Invalid host permission: about:reader*
1546064535303	Marionette	INFO	Listening on port 33411
1546064535422	Marionette	WARN	TLS certificate errors will be ignored for this session
[Parent 5322, Gecko_IOThread] WARNING: pipe error (79): Connection reset by peer: file /build/firefox-h0evE3/firefox-64.0+build3/ipc/chromium/src/chrome/common/ipc_channel_posix.cc, line 363
[Parent 5322, Gecko_IOThread] WARNING: pipe error (93): Connection reset by peer: file /build/firefox-h0evE3/firefox-64.0+build3/ipc/chromium/src/chrome/common/ipc_channel_posix.cc, line 363
1546064549321	Marionette	INFO	Stopped listening on port 45171
console.error: BroadcastService: 
  receivedBroadcastMessage: handler for
  remote-settings/monitor_changes
  threw error:
  Message: Error: Polling for changes failed: NetworkError when attempting to fetch resource..
  Stack:
    remoteSettingsFunction/remoteSettings.pollChanges@resource://services-settings/remote-settings.js:750:13

console.error: "Error while calling actor 'layout's method 'getGrids'" "node is null"
console.error: "getGrids@resource://devtools/shared/base-loader.js -> resource://devtools/server/actors/layout.js:424:11\ngetGrids@resource://devtools/shared/base-loader.js -> resource://devtools/server/actors/layout.js:429:38\nhandler@resource://devtools/shared/base-loader.js -> resource://devtools/shared/protocol.js:1198:21\nonPacket@resource://devtools/shared/base-loader.js -> resource://devtools/server/main.js:1313:15\nreceiveMessage@resource://devtools/shared/base-loader.js -> resource://devtools/shared/transport/child-transport.js:66:5\n"
console.error: "Error while calling actor 'layout's method 'getGrids'" "null has no properties"
console.error: "getGrids@resource://devtools/shared/base-loader.js -> resource://devtools/server/actors/layout.js:424:11\ngetGrids@resource://devtools/shared/base-loader.js -> resource://devtools/server/actors/layout.js:429:38\nhandler@resource://devtools/shared/base-loader.js -> resource://devtools/shared/protocol.js:1198:21\nonPacket@resource://devtools/shared/base-loader.js -> resource://devtools/server/main.js:1313:15\nreceiveMessage@resource://devtools/shared/base-loader.js -> resource://devtools/shared/transport/child-transport.js:66:5\n"
console.error: "Error while calling actor 'layout's method 'getGrids'" "node is null"
console.error: "getGrids@resource://devtools/shared/base-loader.js -> resource://devtools/server/actors/layout.js:424:11\ngetGrids@resource://devtools/shared/base-loader.js -> resource://devtools/server/actors/layout.js:429:38\nhandler@resource://devtools/shared/base-loader.js -> resource://devtools/shared/protocol.js:1198:21\nonPacket@resource://devtools/shared/base-loader.js -> resource://devtools/server/main.js:1313:15\nreceiveMessage@resource://devtools/shared/base-loader.js -> resource://devtools/shared/transport/child-transport.js:66:5\n"
JavaScript error: resource://devtools/shared/base-loader.js -> resource://devtools/server/actors/targets/browsing-context.js, line 1672: TypeError: can't access dead object
JavaScript error: resource://devtools/shared/base-loader.js -> resource://devtools/server/actors/targets/browsing-context.js, line 1672: TypeError: can't access dead object
JavaScript error: resource://devtools/shared/base-loader.js -> resource://devtools/server/actors/targets/browsing-context.js, line 1672: TypeError: can't access dead object
JavaScript error: resource://devtools/shared/base-loader.js -> resource://devtools/server/actors/targets/browsing-context.js, line 1672: TypeError: can't access dead object
JavaScript error: resource://devtools/shared/base-loader.js -> resource://devtools/server/actors/targets/browsing-context.js, line 1672: TypeError: can't access dead object
JavaScript error: resource://devtools/shared/base-loader.js -> resource://devtools/server/actors/targets/browsing-context.js, line 1672: TypeError: can't access dead object
JavaScript error: resource://devtools/shared/base-loader.js -> resource://devtools/server/actors/targets/browsing-context.js, line 1672: TypeError: can't access dead object
JavaScript error: resource://devtools/shared/base-loader.js -> resource://devtools/server/actors/targets/browsing-context.js, line 1672: TypeError: can't access dead object
JavaScript error: resource://devtools/shared/base-loader.js -> resource://devtools/server/actors/targets/browsing-context.js, line 1672: TypeError: can't access dead object
JavaScript error: resource://devtools/shared/base-loader.js -> resource://devtools/server/actors/targets/browsing-context.js, line 1672: TypeError: can't access dead object
JavaScript error: resource://devtools/shared/base-loader.js -> resource://devtools/server/actors/targets/browsing-context.js, line 1672: TypeError: can't access dead object
JavaScript error: resource://devtools/shared/base-loader.js -> resource://devtools/server/actors/targets/browsing-context.js, line 1672: TypeError: can't access dead object
JavaScript error: resource://devtools/shared/base-loader.js -> resource://devtools/server/actors/targets/browsing-context.js, line 1672: TypeError: can't access dead object
[Parent 5681, Gecko_IOThread] WARNING: pipe error (93): Connection reset by peer: file /build/firefox-h0evE3/firefox-64.0+build3/ipc/chromium/src/chrome/common/ipc_channel_posix.cc, line 363
1546071004023	Marionette	INFO	Stopped listening on port 33411
1546071059294	mozrunner::runner	INFO	Running command: "/usr/bin/firefox" "-marionette" "-foreground" "-no-remote" "-profile" "/tmp/rust_mozprofile.xe2MHB9KfonY"
1546071059810	addons.webextension.screenshots@mozilla.org	WARN	Loading extension 'screenshots@mozilla.org': Reading manifest: Invalid host permission: resource://pdf.js/
1546071059810	addons.webextension.screenshots@mozilla.org	WARN	Loading extension 'screenshots@mozilla.org': Reading manifest: Invalid host permission: about:reader*
1546071063220	Marionette	INFO	Listening on port 40972
1546071063308	Marionette	WARN	TLS certificate errors will be ignored for this session
console.error: BroadcastService: 
  receivedBroadcastMessage: handler for
  remote-settings/monitor_changes
  threw error:
  Message: Error: Polling for changes failed: NetworkError when attempting to fetch resource..
  Stack:
    remoteSettingsFunction/remoteSettings.pollChanges@resource://services-settings/remote-settings.js:750:13

1546071319212	mozrunner::runner	INFO	Running command: "/usr/bin/firefox" "-marionette" "-foreground" "-no-remote" "-profile" "/tmp/rust_mozprofile.Q88RjWqKucbE"
1546071319768	addons.webextension.screenshots@mozilla.org	WARN	Loading extension 'screenshots@mozilla.org': Reading manifest: Invalid host permission: resource://pdf.js/
1546071319768	addons.webextension.screenshots@mozilla.org	WARN	Loading extension 'screenshots@mozilla.org': Reading manifest: Invalid host permission: about:reader*
1546071323192	Marionette	INFO	Listening on port 37093
1546071323234	Marionette	WARN	TLS certificate errors will be ignored for this session
JavaScript warning: https://ad.hockeycurve.com/ad.php?zoneid=300x250&client=abfl&partner=dbm&fcat=newcalculator&ct0=https://googleads.g.doubleclick.net/dbm/clk%3Fsa%3DL%26ai%3DCl6xATC0nXMP3Et3IuASb8piQBJ3xtr1U_5qs2vcHoty_oNQBEAEgzt3FJ2DlwuSDpA6gAZDxmpUDyAEJqQLTq18mPLVOPqgDAaoEsQFP0NDojPRCRxJgQ5pDSUvUbetNQTgDG790W3KEEOiEiVMcgH1oH3hudiGunZ-T8rlPjj1ihfciYs0M-iaftOZihhwSYibgb3xC6BQZ0rF1pthsc9K4Lqv8LsAn_pn6NruosYcxFozpbnPM_1-CrMpOIMZOpi9c37hZVH8jLVw521AVXlGiRirDocNd-wexwwzw18aFXCgjnUCYoxk5o9hFOLdESU6ldZULfj4BCpAw_2HgBAOQBgGgBk2AB9iO5WqoB47OG6gH1ckbqAeoBqgHudIbqAfZyxuoB8_MG6gHpr4b2AcA0ggHCIBhEAEYA4AKA7AT7vHcBdgTAw%26ae%3D1%26num%3D1%26cid%3DCAASEuRoQ145NA_zAMlJanHo51WBQw%26sig%3DAOD64_36ivUOmA2J6SMR4PVQnQtxZ4wLKQ%26client%3Dca-pub-6785382607161389%26dbm_c%3DAKAmf-BS-hQjIykhXiSSu98NVeGpSvQv-ahV3AzolzOEWko39o2PLRqu_AycwxKueoPKSV0Pw6px%26dbm_d%3DAKAmf-B4ZUyr9Y7mUbPXKJbOuQ_ihPbe0DV6rfURphZB06bzZqqG2IPRBHSocBy1sDe8Gk1Ki4oR08o5huikDoPIHhSgBl-a0EUxvKbcFN6WKUYSeI_dxIT8SOQTiKA9AmzI5hMMLbF9_fsrP5s1FV04FBeLplynr4z_i9hJklXx63LFJOKKeIePMOjF-89fLDzniOkt14i1EleDpGzlJ4DMbIgMlfTqxl4ywnclvaTc6ggRAbwQMGlBqGJ0gX7N53pQDPZyYjnVa-crwHKnhIEarfFzO3Jck2-gS9WKzVaojwHXzxrQSneVbqBe2lFnAKbjXX2EQZjIcc1a-Ozc3GRfXEvcdam0sA%26adurl%3D&cb=1546071372310211&dbmc=19391884&dbms=, line 326: SyntaxError: 08 is not a legal ECMA-262 octal constant
JavaScript warning: https://ad.hockeycurve.com/ad.php?zoneid=300x250&client=abfl&partner=dbm&fcat=newcalculator&ct0=https://googleads.g.doubleclick.net/dbm/clk%3Fsa%3DL%26ai%3DCE-hPTC0nXNuuC8T0uQTugbbwBJ3xtr1U_5qs2vcHoty_oNQBEAEgzt3FJ2DlwuSDpA6gAZDxmpUDyAEJqQLTq18mPLVOPqgDAaoEsQFP0Get8kVNPXX9ssiRmdNcLpYQjAZNH2ug5BZBgcmqddbmKnCpuT0Ln1VYQHsCMTz85yDlcd-AODMZ5dmVl5fb1iYUrOAYsxChadcpHC-1Fat1v4_lo-xNEeFfKClxAGQDgWES4aXzR_ubPU6Cn_paaXBJ9U2sAveW-WdLbp_L6dR-RtObhvAaSlY_LLveMDHE54gU5BZr6DwhVjCC4YQl0FqzHHk-Wh8tp95twavkRgrgBAOQBgGgBk2AB9iO5WqoB47OG6gH1ckbqAeoBqgHudIbqAfZyxuoB8_MG6gHpr4b2AcA0ggHCIBhEAEYA4AKA7AT7vHcBdgTAw%26ae%3D1%26num%3D1%26cid%3DCAASEuRoQrz6oiGbTjt3WoDaRAdujg%26sig%3DAOD64_09Ya-DOdAnHCUaGSAqPcCLcjSpxw%26client%3Dca-pub-6785382607161389%26dbm_c%3DAKAmf-CdPDqmXAk4C4QRySQPldt8oKaS2SsjNo_pq_wMzVjRom0vQBgAm7mcmfkRA0mIfeHx4ECJ%26dbm_d%3DAKAmf-DiPk4xZYHnBEVpEn5SKWjntLQZuVcF-pgHTQxFjdswSndBE2_p-m-zfO6CDKtp3QyV8Z3iMnvkOT9ST2iUV3eWtyaDYZAnNPbVhnYbY1qfFWR6vjdM2j-fyuoqtAUCNHX9ui0ZOdr6n9_111YA8om_GQIJg4IANvGnriBvpej5DWimWScFhAe50r7UiqaT4vjQE9OhFLaqPNmOfhHzP6zqFjB9IoHD2Q5cPqqjF38krntDeKJc8Zeqr--dtNQAIgOQBbhPC2QokII-x9FcmOZ_q7m-D7utr7HC2Hsq-IEvV75G0tLzgvNqnjm87v8lD-GX1ANnPIMQso75NVD9_oBPqofV0Q%26adurl%3D&cb=1546071372186203&dbmc=19391884&dbms=, line 326: SyntaxError: 08 is not a legal ECMA-262 octal constant
console.error: "TypeError: currentNode is null: canMutationImpactCurrentStyles@resource://devtools/shared/base-loader.js -> resource://devtools/client/inspector/shared/style-change-tracker.js:64:11\nonMutations@resource://devtools/shared/base-loader.js -> resource://devtools/client/inspector/shared/style-change-tracker.js:82:11\nemit@resource://devtools/shared/base-loader.js -> resource://devtools/shared/event-emitter.js:178:15\nemit@resource://devtools/shared/base-loader.js -> resource://devtools/shared/event-emitter.js:255:5\nWalkerFront<.getMutations</<@resource://devtools/shared/base-loader.js -> resource://devtools/shared/fronts/inspector.js:414:7\n"
TypeError: currentNode is null: canMutationImpactCurrentStyles@resource://devtools/shared/base-loader.js -> resource://devtools/client/inspector/shared/style-change-tracker.js:64:11
onMutations@resource://devtools/shared/base-loader.js -> resource://devtools/client/inspector/shared/style-change-tracker.js:82:11
emit@resource://devtools/shared/base-loader.js -> resource://devtools/shared/event-emitter.js:178:15
emit@resource://devtools/shared/base-loader.js -> resource://devtools/shared/event-emitter.js:255:5
WalkerFront<.getMutations</<@resource://devtools/shared/base-loader.js -> resource://devtools/shared/fronts/inspector.js:414:7

[Parent 8930, Gecko_IOThread] WARNING: pipe error (79): Connection reset by peer: file /build/firefox-h0evE3/firefox-64.0+build3/ipc/chromium/src/chrome/common/ipc_channel_posix.cc, line 363
1546071520867	Marionette	INFO	Stopped listening on port 40972
console.error: BroadcastService: 
  receivedBroadcastMessage: handler for
  remote-settings/monitor_changes
  threw error:
  Message: Error: Polling for changes failed: NetworkError when attempting to fetch resource..
  Stack:
    remoteSettingsFunction/remoteSettings.pollChanges@resource://services-settings/remote-settings.js:750:13

1546071586906	mozrunner::runner	INFO	Running command: "/usr/bin/firefox" "-marionette" "-foreground" "-no-remote" "-profile" "/tmp/rust_mozprofile.hLGKioXShFwE"
1546071587430	addons.webextension.screenshots@mozilla.org	WARN	Loading extension 'screenshots@mozilla.org': Reading manifest: Invalid host permission: resource://pdf.js/
1546071587431	addons.webextension.screenshots@mozilla.org	WARN	Loading extension 'screenshots@mozilla.org': Reading manifest: Invalid host permission: about:reader*
1546071590710	Marionette	INFO	Listening on port 43115
1546071590740	Marionette	WARN	TLS certificate errors will be ignored for this session
[Parent 9855, Gecko_IOThread] WARNING: pipe error (79): Connection reset by peer: file /build/firefox-h0evE3/firefox-64.0+build3/ipc/chromium/src/chrome/common/ipc_channel_posix.cc, line 363
[Parent 9855, Gecko_IOThread] WARNING: pipe error (39): Connection reset by peer: file /build/firefox-h0evE3/firefox-64.0+build3/ipc/chromium/src/chrome/common/ipc_channel_posix.cc, line 363
1546071852907	Marionette	INFO	Stopped listening on port 43115
1546071857187	mozrunner::runner	INFO	Running command: "/usr/bin/firefox" "-marionette" "-foreground" "-no-remote" "-profile" "/tmp/rust_mozprofile.8VAZmDzU9X2C"
1546071857727	addons.webextension.screenshots@mozilla.org	WARN	Loading extension 'screenshots@mozilla.org': Reading manifest: Invalid host permission: resource://pdf.js/
1546071857728	addons.webextension.screenshots@mozilla.org	WARN	Loading extension 'screenshots@mozilla.org': Reading manifest: Invalid host permission: about:reader*
1546071861216	Marionette	INFO	Listening on port 42554
1546071861308	Marionette	WARN	TLS certificate errors will be ignored for this session
console.error: BroadcastService: 
  receivedBroadcastMessage: handler for
  remote-settings/monitor_changes
  threw error:
  Message: Error: Polling for changes failed: NetworkError when attempting to fetch resource..
  Stack:
    remoteSettingsFunction/remoteSettings.pollChanges@resource://services-settings/remote-settings.js:750:13

console.error: "Error while calling actor 'layout's method 'getGrids'" "node is null"
console.error: "getGrids@resource://devtools/shared/base-loader.js -> resource://devtools/server/actors/layout.js:424:11\ngetGrids@resource://devtools/shared/base-loader.js -> resource://devtools/server/actors/layout.js:429:38\ngetGrids@resource://devtools/shared/base-loader.js -> resource://devtools/server/actors/layout.js:429:38\ngetGrids@resource://devtools/shared/base-loader.js -> resource://devtools/server/actors/layout.js:429:38\nhandler@resource://devtools/shared/base-loader.js -> resource://devtools/shared/protocol.js:1198:21\nonPacket@resource://devtools/shared/base-loader.js -> resource://devtools/server/main.js:1313:15\nreceiveMessage@resource://devtools/shared/base-loader.js -> resource://devtools/shared/transport/child-transport.js:66:5\n"
IPDL protocol error: Handler returned error code!

###!!! [Parent][DispatchAsyncMessage] Error: PLayerTransaction::Msg_ReleaseLayer Processing error: message was deserialized, but the handler returned false (indicating failure)

IPDL protocol error: Handler returned error code!

###!!! [Parent][DispatchAsyncMessage] Error: PLayerTransaction::Msg_ReleaseLayer Processing error: message was deserialized, but the handler returned false (indicating failure)

IPDL protocol error: Handler returned error code!

###!!! [Parent][DispatchAsyncMessage] Error: PLayerTransaction::Msg_ReleaseLayer Processing error: message was deserialized, but the handler returned false (indicating failure)

IPDL protocol error: Handler returned error code!

###!!! [Parent][DispatchAsyncMessage] Error: PLayerTransaction::Msg_ReleaseLayer Processing error: message was deserialized, but the handler returned false (indicating failure)

IPDL protocol error: Handler returned error code!

###!!! [Parent][DispatchAsyncMessage] Error: PLayerTransaction::Msg_ReleaseLayer Processing error: message was deserialized, but the handler returned false (indicating failure)

[Parent 10338, Gecko_IOThread] WARNING: pipe error (79): Connection reset by peer: file /build/firefox-h0evE3/firefox-64.0+build3/ipc/chromium/src/chrome/common/ipc_channel_posix.cc, line 363
[Parent 10338, Gecko_IOThread] WARNING: pipe error (87): Connection reset by peer: file /build/firefox-h0evE3/firefox-64.0+build3/ipc/chromium/src/chrome/common/ipc_channel_posix.cc, line 363
1546072086856	Marionette	INFO	Stopped listening on port 42554
1546072094508	mozrunner::runner	INFO	Running command: "/usr/bin/firefox" "-marionette" "-foreground" "-no-remote" "-profile" "/tmp/rust_mozprofile.M0Zg8wHvVVfp"
1546072095105	addons.webextension.screenshots@mozilla.org	WARN	Loading extension 'screenshots@mozilla.org': Reading manifest: Invalid host permission: resource://pdf.js/
1546072095106	addons.webextension.screenshots@mozilla.org	WARN	Loading extension 'screenshots@mozilla.org': Reading manifest: Invalid host permission: about:reader*
1546072098440	Marionette	INFO	Listening on port 37744
1546072098520	Marionette	WARN	TLS certificate errors will be ignored for this session
JavaScript error: https://googleads.g.doubleclick.net/pagead/ads?client=ca-pub-6785382607161389&output=html&h=250&slotname=2958349121&adk=3485664004&adf=2170632792&w=300&guci=2.2.0.0.2.2.0.0&format=300x250&url=https%3A%2F%2Fin.yahoo.com%2F%3Fp%3Dus&ea=0&flash=0&avail_w=0&wgl=1&dt=1546072166314&bpp=20&bdt=6596&fdt=2258&idt=2240&shv=r20181205&cbv=r20180604&saldr=aa&correlator=7734101316702&frm=24&ife=3&pv=2&ga_vid=1186534144.1546072169&ga_sid=1546072169&ga_hid=1530813339&ga_fc=0&icsg=10889&nhd=1&dssz=13&mdo=33554432&mso=33554432&u_tz=330&u_his=1&u_java=0&u_h=768&u_w=1366&u_ah=747&u_aw=1307&u_cd=24&u_nplug=0&u_nmime=0&adx=0&ady=0&biw=-12245933&bih=-12245933&isw=0&ish=0&ifk=515503566&scr_x=-12245933&scr_y=-12245933&eid=21060853&oid=3&loc=https%3A%2F%2Fin.yahoo.com%2F%3Fp%3Dus&rx=0&eae=3&brdim=59%2C21%2C59%2C21%2C1307%2C21%2C1307%2C747%2C0%2C0&vis=1&rsz=%7C%7Cc%7C&abl=NS&ppjl=f&pfx=0&fu=16&bc=13&ifi=1&uci=1.k0zwfhatitjr&dtd=2300, line 1: ReferenceError: googqscp is not defined
JavaScript warning: https://ad.hockeycurve.com/ad.php?zoneid=300x250&client=abfl&partner=dbm&fcat=newcalculator&ct0=https://googleads.g.doubleclick.net/dbm/clk%3Fsa%3DL%26ai%3DCqzqLaDAnXPCTKeLQyAOKlJeQCp3xtr1U_5qs2vcH-p3coNQBEAEgzt3FJ2DlwuSDpA6gAZDxmpUDyAEJqQLTq18mPLVOPqgDAaoErwFP0B4I7XL6371upeDRcCPBIlM7m5GHArbI8Rn5nHCrMdDBHY5Oe-dCfadnT1e5B8lbk6liMTpPmI3Xb7twrP2K6bLVk2vq4bS3GHVatrOW5kixKf-bHvCzo-p0z90dCFdLdvN8rVCV7pBflSS9eEilOhpF-Lkw2tKXy-1QWP0SOdjDcN7NYSYrtO9xWQAKlXr-UOjCoWkVCX4no71Tduzi6Bwfw0EDoOT5C_lwLUB-4AQDkAYBoAZNgAfYjuVqqAeOzhuoB9XJG6gHqAaoB7oGqAfZyxuoB8_MG6gHpr4b2AcA0ggHCIBhEAEYA4AKA7AT7vHcBdgTAw%26ae%3D1%26num%3D1%26cid%3DCAASEuRo_PPws09aYmZxCWH5nLtASA%26sig%3DAOD64_3oD_pjdaCTihWdjSsNKiEPqXVv0Q%26client%3Dca-pub-6785382607161389%26dbm_c%3DAKAmf-D-H6YKZcXF92A473IO17kC0RaMcZY1M7Y6RkSP7uhvGJJk_mcCxv9eDKgsgvSE_IbQEGom%26dbm_d%3DAKAmf-BalZC9Wrn0YjxEoxTmp6Fzu2iwNpdh4vpjHhsDa0WcS6nZtyjDB2DNJQpS_7PsgS_LxpEskeBiwhD883LjK_MNK9UyYumzjvOyoO9Ze-A03A6sV_cFf_51TG3jh9S2QshzhP6OGD0KWvpdtjZ2z4lSVTWQN3VfA8pqjK71-9Ux_Vc8C85Nmhf0Q1FTVft0TTC2cZJp6im2Tcm-5qShmagcGmj6v3tF_LxcuNZ-3lDSrTEuDhu6qhcI9ot_I-Zx1GeZobNUUgkVNlPJWdkS7PUKiZZLwQE7zuMrOWXCV_wcqSOqAhTMajqmwuoyaFag6gpbqQuuyEXQv9lZC1DvviUXnAUC4A%26adurl%3D&cb=1546072168674288&dbmc=19391884&dbms=, line 326: SyntaxError: 08 is not a legal ECMA-262 octal constant
console.error: BroadcastService: 
  receivedBroadcastMessage: handler for
  remote-settings/monitor_changes
  threw error:
  Message: Error: Polling for changes failed: NetworkError when attempting to fetch resource..
  Stack:
    remoteSettingsFunction/remoteSettings.pollChanges@resource://services-settings/remote-settings.js:750:13

JavaScript warning: https://ad.hockeycurve.com/ad.php?zoneid=300x250&client=abfl&partner=dbm&fcat=newcalculator&ct0=https://googleads.g.doubleclick.net/dbm/clk%3Fsa%3DL%26ai%3DCTy0XtjAnXOK3BJe0yAO7y6-4D53xtr1U_5qs2vcHoty_oNQBEAEgzt3FJ2DlwuSDpA6gAZDxmpUDyAEJqQLTq18mPLVOPqgDAaoEqwFP0Pwz_WWmrv0WE26ASmuSMY6_u1_7ckNBOQpi0Nh86PMNdVx7HBkaLgl6J580INvYrQCWwQn89x2ZxPasH3_ZtqgtzhE8rxLqjktWwocu6IMJBVYA4Hp_N8eqwMLIE63Py3bBYXbgMNaa3c9vHI_UFQLl6EFxRtlfeea6-NYau2qZ16a_YkvuavngJKchIuiqTNLh5TibsXff2CYE_Ue2EfQURnJGN9RpHQXgBAOQBgGgBk2AB9iO5WqoB47OG6gH1ckbqAeoBqgH2csbqAfPzBuoB6a-G9gHANIIBwiAYRABGAOACgOwE-7x3AXYEwM%26ae%3D1%26num%3D1%26cid%3DCAASEuRo2xiNiAt8NTJRjDUXjfo9dw%26sig%3DAOD64_1TOZd7hSWX1b9VlTjImsDjUXKCsQ%26client%3Dca-pub-6785382607161389%26dbm_c%3DAKAmf-Csep9FqIcaXBIKV9KAVOPFclNHT2HpvCtD8fFfq2vbHTAA9A-3hf2MpTF5Qo6MJOoEMUhJ%26dbm_d%3DAKAmf-ApJJhX3mZHXTl61ro2ALHP67GPISywMC5juKrVhq3BoZRlVuDyyxmmvuhuJTKVFslTY9LCx8lA0ow7o3EULyXeaQCm-YZPcmkUjPa281di-0N2fXX7wneskzQYU1qdA85bVqywaBZx_JuoE3d3UwBKbh02IYrBzNQyK7O2bRVofkATuP8EQs4VE91Gjg8g3dPgWrVAGDoSLxtn7Eduof_3Q3soRGBUvyPsXsv3jBuaye1BzuzQ7zIgJBB1VflO-FtDHK0RnqXRTTvxLnAse7CPNGdu0Qny_EahLbmNEpT8nJ8ttYBc1EJ_3b-yyhgt52P3gw2qUsDOJaSksXTa1fBi7SDvug%26adurl%3D&cb=1546072246072674&dbmc=19391884&dbms=, line 326: SyntaxError: 08 is not a legal ECMA-262 octal constant
JavaScript warning: https://ad.hockeycurve.com/ad.php?zoneid=300x250&client=abfl&partner=dbm&fcat=newcalculator&ct0=https://googleads.g.doubleclick.net/dbm/clk%3Fsa%3DL%26ai%3DCr0UTtjAnXNjeFYixyAOk-KHYDp3xtr1U_5qs2vcHoty_oNQBEAEgzt3FJ2DlwuSDpA6gAZDxmpUDyAEJqQLTq18mPLVOPqgDAaoEqwFP0KGF7lZkjCM7AUpun4rQGAl6sX7Vp9oJn2QwRLUiRtCnFbrnFuazFbYx7cPQYMvTDRLZsh12eFG4puDAxPgkOI3fvmIHQZc9YNgvOJoigtuEp1vbxHr2bW5LlVqgAejzuTnL1WMHGAMSYmM23jgNvmU3c0_6w9bZACigJ43R-5GeYQ-4hkromBwhE1h9jcKsKaU69w7PnSvcMwX5RSTc_qGV5xS3WTAeR4bgBAOQBgGgBk2AB9iO5WqoB47OG6gH1ckbqAeoBqgH2csbqAfPzBuoB6a-G9gHANIIBwiAYRABGAOACgOwE-7x3AXYEwM%26ae%3D1%26num%3D1%26cid%3DCAASEuRoZ0PoAZJeCXnLaXs4X4dR1g%26sig%3DAOD64_0YO2KIfosqXczHr5PORa45TTK2jQ%26client%3Dca-pub-6785382607161389%26dbm_c%3DAKAmf-DOr5gGc3k-gfPY6wClRoPdTmnY7kd-gBQxtd0A-dEl1Qqkq0fsAPA4W3HIlTmf329pFkk4%26dbm_d%3DAKAmf-DjZBEKSVkk4ZMx8CUTxU3xOYcuapaZGI9oBOBNd0_dqJqRgk8sPUSdQ37-vpveGVjjeYJBa4OL1HhaY8YxxFXo6WkGTwYo3xnDvoDM2Sb0Nbc4BKUI95zDfeY6XevVJ-IboODP2QyoxgdlWm78wRtZa0PJX23cU0_pJiYCDMTjU5oP0zhLOIdom5MKwhxV3pslb46FUGnILqk1Qo_DQT7zF3zg0qfUi1i4BGse4jwJxtCFlEVCnygush4mc2kiSQirQbi9blvFasznEenJrbfG7uVuQr7yNo2_5QOKMeja2IPYuiLTdJspDXwfc8qaJQcCtX8TMqmXNssXP20DyWR5MAJWlA%26adurl%3D&cb=1546072246356184&dbmc=19391884&dbms=, line 326: SyntaxError: 08 is not a legal ECMA-262 octal constant
[Parent 10766, Gecko_IOThread] WARNING: pipe error (79): Connection reset by peer: file /build/firefox-h0evE3/firefox-64.0+build3/ipc/chromium/src/chrome/common/ipc_channel_posix.cc, line 363
1546072293790	Marionette	INFO	Stopped listening on port 37744
1546072299135	mozrunner::runner	INFO	Running command: "/usr/bin/firefox" "-marionette" "-foreground" "-no-remote" "-profile" "/tmp/rust_mozprofile.CP9rddn2J9vI"
1546072299720	addons.webextension.screenshots@mozilla.org	WARN	Loading extension 'screenshots@mozilla.org': Reading manifest: Invalid host permission: resource://pdf.js/
1546072299720	addons.webextension.screenshots@mozilla.org	WARN	Loading extension 'screenshots@mozilla.org': Reading manifest: Invalid host permission: about:reader*
1546072303411	Marionette	INFO	Listening on port 37348
1546072303474	Marionette	WARN	TLS certificate errors will be ignored for this session
JavaScript warning: https://ad.hockeycurve.com/ad.php?zoneid=300x250&client=abfl&partner=dbm&fcat=newcalculator&ct0=https://googleads.g.doubleclick.net/dbm/clk%3Fsa%3DL%26ai%3DCDXBXBDEnXJ_7FpOzyAPepqS4BZ3xtr1U_5qs2vcH-p3coNQBEAEgzt3FJ2DlwuSDpA6gAZDxmpUDyAEJqQLTq18mPLVOPqgDAaoEsQFP0K36LF6kpzFnyH8aUuIQsCC0ScJX5C_Vu5ORkbPT6XxO_fXQHl83v2XH0DkJmniktyFUduPif8u8IVHjJgTR34ihEOocUwVtBnTyrDRjklp6lcBnZJxJldYWDiq2hoEgtvf1Z2mQsQvGtciM1kkbBLa9hS6ZUv10HFkguIJw7hInEGIlTbnKbWLXSGDKxmxbYpLenyXgdzsAoprZXHMlpvDxFXsBxxb7r4GoQgPc3w7gBAOQBgGgBk2AB9iO5WqoB47OG6gH1ckbqAeoBqgHugaoB9nLG6gHz8wbqAemvhvYBwDSCAcIgGEQARgDgAoDsBPu8dwF2BMD%26num%3D1%26cid%3DCAASEuRo9gGW7t0pK7kOHArgk56x_w%26sig%3DAOD64_1at4w027qqBlEe56P6pcmsToRtkg%26client%3Dca-pub-6785382607161389%26dbm_c%3DAKAmf-CF5LpwzSS4oFu3v65DI1KE4zkuHZLaLZ9fvAdDeOwVFRqSImxVZ8PUifuPTuXB6t5wq6Vf%26dbm_d%3DAKAmf-Bqiifij2o15p8w4fwUHS-K58j3WO_0q47BIV1CWf_KMf4gLqDZXk6YgBUN2wMtJBTmShKh9jA69QktDzA8BdE60UHt1_vQ94Bt-OTVdTdM469vI6ppViqPrHfULRUxQAVr4gMtdbciBkK2LB3RZHlLazwACEVupk-D6slVerTg1IYcKwiGQ-SdF1OKizyh5CvIwiwet52GUI_MDs48vCg2ANnJkTuHuYBEBVl7XiTrJCObaFxyqEvI5FY-OSoP0D_qVchiaIwkouSTIohvLu_nZqi9-STr0I9GcJihsJ-9JsFQikboblWx4-BdpWd_hDyVr4b7Keg1Joa--obGeL7OR0uLrg%26adurl%3D&cb=1546072324376223&dbmc=19391884&dbms=, line 326: SyntaxError: 08 is not a legal ECMA-262 octal constant
JavaScript warning: https://ad.hockeycurve.com/ad.php?zoneid=300x250&client=abfl&partner=dbm&fcat=newcalculator&ct0=https://googleads.g.doubleclick.net/dbm/clk%3Fsa%3DL%26ai%3DCqwn1BDEnXOOeFsSTrQGFuYrYAp3xtr1U_5qs2vcH-p3coNQBEAEgzt3FJ2DlwuSDpA6gAZDxmpUDyAEJqQLTq18mPLVOPqgDAaoEsQFP0J8tWqmf9_6u0XyMphv1fnrJbmmtXDtRaoFCQSphjsiKLITVI0voQzb7vh23Ry8U6EamsOZr6XFeQVkYV6dBYz6OGPHSvx4MjmWTG8IFTrCTFNcdH8W-xPoWXyv3pbONClCmYvsNTM-dK_DYTox4mUmph2hlG6HbXyEpjOVr4WK3v50MVX6pc7wDsOI9S2IhHWkfa3LPVIdqBjfBvWJSOHgfF39GfRDZf4RP2J-HrJPgBAOQBgGgBk2AB9iO5WqoB47OG6gH1ckbqAeoBqgHugaoB9nLG6gHz8wbqAemvhvYBwDSCAcIgGEQARgDgAoDsBPu8dwF2BMD%26num%3D1%26cid%3DCAASEuRoc5AH8vMEDazlNUTQ-4o4Eg%26sig%3DAOD64_0NfNuFR1S-aNTxW42SnMisGv78QA%26client%3Dca-pub-6785382607161389%26dbm_c%3DAKAmf-DywFsEtv7cmqG-q5IBgp4kw1Pqz5c9T8t2b4I_ec-_g-ASewSMJfPsHBkBf9WJRTVB3hjj%26dbm_d%3DAKAmf-DKAX5-VCANQCzf-YUIKu_8BC-IMjij3AvNS-FNzTWgu4lfR7NsI-eUONWnWPwkq0T5MD4afubfQAFc80CRTnXtvYVQynhWlh36KlE_L34RbX3EleQ8CA3NGdPpuVCWJkNQlEhoLImPEhbSOL12idx_QDrjNORCX44kqUtlErGGKd2taWGk1vW5BVZtw-A78Juv_e2uoLlVdXgU5dzN9OQ-pJEOGwce93tIq_MwvDf4rI_RaXaJR9o129t8kplciYRkOfTTHIPhil5jyc7lvtwUN5YQkHdk_oKyhT2nDAiPPbTljdYWmqpqARYpnJk7m0YoxLBZJtRO70RLnSxGbsZW8TdlkA%26adurl%3D&cb=1546072324364387&dbmc=19391884&dbms=, line 326: SyntaxError: 08 is not a legal ECMA-262 octal constant
console.error: BroadcastService: 
  receivedBroadcastMessage: handler for
  remote-settings/monitor_changes
  threw error:
  Message: Error: Polling for changes failed: NetworkError when attempting to fetch resource..
  Stack:
    remoteSettingsFunction/remoteSettings.pollChanges@resource://services-settings/remote-settings.js:750:13


###!!! [Child][RunMessage] Error: Channel closing: too late to send/recv, messages will be lost

1546072463894	Marionette	INFO	Stopped listening on port 37348
1546072469662	mozrunner::runner	INFO	Running command: "/usr/bin/firefox" "-marionette" "-foreground" "-no-remote" "-profile" "/tmp/rust_mozprofile.6iTfG94IB2HZ"
1546072470341	addons.webextension.screenshots@mozilla.org	WARN	Loading extension 'screenshots@mozilla.org': Reading manifest: Invalid host permission: resource://pdf.js/
1546072470342	addons.webextension.screenshots@mozilla.org	WARN	Loading extension 'screenshots@mozilla.org': Reading manifest: Invalid host permission: about:reader*
1546072474230	Marionette	INFO	Listening on port 42635
1546072474288	Marionette	WARN	TLS certificate errors will be ignored for this session
console.error: BroadcastService: 
  receivedBroadcastMessage: handler for
  remote-settings/monitor_changes
  threw error:
  Message: Error: Polling for changes failed: NetworkError when attempting to fetch resource..
  Stack:
    remoteSettingsFunction/remoteSettings.pollChanges@resource://services-settings/remote-settings.js:750:13

[Parent 11544, Gecko_IOThread] WARNING: pipe error (106): Connection reset by peer: file /build/firefox-h0evE3/firefox-64.0+build3/ipc/chromium/src/chrome/common/ipc_channel_posix.cc, line 363
[Parent 11544, Gecko_IOThread] WARNING: pipe error (79): Connection reset by peer: file /build/firefox-h0evE3/firefox-64.0+build3/ipc/chromium/src/chrome/common/ipc_channel_posix.cc, line 363
[Parent 11544, Gecko_IOThread] WARNING: pipe error (82): Connection reset by peer: file /build/firefox-h0evE3/firefox-64.0+build3/ipc/chromium/src/chrome/common/ipc_channel_posix.cc, line 363
1546072608662	Marionette	INFO	Stopped listening on port 42635
